<?xml version="1.0" encoding="UTF-8"?>
<!-- Generated by org.testng.reporters.JUnitReportReporter -->
<testsuite hostname="DESKTOP-7TRJH5U" failures="0" tests="1" name="testCases.TC002_LoginTest" time="1.224" errors="0" timestamp="2025-04-26T13:59:06 IST" skipped="0">
  <testcase classname="testCases.TC002_LoginTest" name="verify_login" time="1.224"/>
</testsuite> <!-- testCases.TC002_LoginTest -->
