<?xml version="1.0" encoding="UTF-8"?>
<!-- Generated by org.testng.reporters.JUnitReportReporter -->
<testsuite hostname="DESKTOP-7TRJH5U" failures="0" tests="1" name="testCases.TC001_AccountRegistrationTest" time="1.891" errors="0" timestamp="2025-04-26T13:59:06 IST" skipped="0">
  <testcase classname="testCases.TC001_AccountRegistrationTest" name="verify_account_registration" time="1.891"/>
</testsuite> <!-- testCases.TC001_AccountRegistrationTest -->
